2025-05-13 09:09:11,832 - qa_analytics - ERROR - Missing required config key: analytic_id
2025-05-13 09:09:11,834 - qa_analytics - INFO - Loaded config for QA-ID 1
2025-05-13 09:09:11,836 - qa_analytics - ERROR - Missing required config key: analytic_id
2025-05-13 09:09:11,837 - qa_analytics - INFO - Loaded reference data config from configs/reference_data.yaml
2025-05-13 09:09:11,844 - qa_analytics - INFO - Loaded data source registry from configs/data_sources.yaml
2025-05-13 09:09:11,844 - qa_analytics - INFO - Found 4 data sources and 8 analytic mappings
2025-05-13 09:09:11,848 - qa_analytics - INFO - Loaded template 'approval_workflow' from approval_workflow_template.yaml
2025-05-13 09:09:11,851 - qa_analytics - INFO - Loaded template 'risk_assessment' from risk_assessment_template.yaml
2025-05-13 09:09:11,857 - qa_analytics - WARNING - Template metadata file not found: templates\metadata.yaml
2025-05-13 09:09:11,857 - qa_analytics - WARNING - Scheduler configuration not found at configs/scheduler.yaml, using defaults
2025-05-13 09:09:11,878 - qa_analytics - INFO - Loaded data source registry from configs/data_sources.yaml
2025-05-13 09:09:11,878 - qa_analytics - INFO - Found 4 data sources and 8 analytic mappings
2025-05-13 09:09:37,950 - qa_analytics - ERROR - Missing required config key: analytic_id
2025-05-13 09:09:37,953 - qa_analytics - INFO - Loaded config for QA-ID 1
2025-05-13 09:09:37,954 - qa_analytics - ERROR - Missing required config key: analytic_id
2025-05-13 09:09:37,955 - qa_analytics - ERROR - Missing required config key: analytic_id
2025-05-13 09:09:37,956 - qa_analytics - INFO - Loaded reference data config from configs/reference_data.yaml
2025-05-13 09:09:37,963 - qa_analytics - INFO - Loaded data source registry from configs/data_sources.yaml
2025-05-13 09:09:37,963 - qa_analytics - INFO - Found 4 data sources and 8 analytic mappings
2025-05-13 09:09:37,967 - qa_analytics - INFO - Loaded template 'approval_workflow' from approval_workflow_template.yaml
2025-05-13 09:09:37,969 - qa_analytics - INFO - Loaded template 'risk_assessment' from risk_assessment_template.yaml
2025-05-13 09:09:37,975 - qa_analytics - WARNING - Template metadata file not found: templates\metadata.yaml
2025-05-13 09:09:37,975 - qa_analytics - INFO - Loaded scheduler configuration from configs/scheduler.yaml
2025-05-13 09:09:37,993 - qa_analytics - INFO - Loaded data source registry from configs/data_sources.yaml
2025-05-13 09:09:37,993 - qa_analytics - INFO - Found 4 data sources and 8 analytic mappings
2025-05-13 09:11:01,711 - qa_analytics - ERROR - Missing required config key: analytic_id
2025-05-13 09:11:01,712 - qa_analytics - INFO - Loaded config for QA-ID 1
2025-05-13 09:11:01,714 - qa_analytics - ERROR - Missing required config key: analytic_id
2025-05-13 09:11:01,715 - qa_analytics - ERROR - Missing required config key: analytic_id
2025-05-13 09:11:01,716 - qa_analytics - INFO - Loaded reference data config from configs/reference_data.yaml
2025-05-13 09:11:01,723 - qa_analytics - INFO - Loaded data source registry from configs/data_sources.yaml
2025-05-13 09:11:01,723 - qa_analytics - INFO - Found 4 data sources and 8 analytic mappings
2025-05-13 09:11:01,726 - qa_analytics - INFO - Loaded template 'approval_workflow' from approval_workflow_template.yaml
2025-05-13 09:11:01,730 - qa_analytics - INFO - Loaded template 'risk_assessment' from risk_assessment_template.yaml
2025-05-13 09:11:01,735 - qa_analytics - WARNING - Template metadata file not found: templates\metadata.yaml
2025-05-13 09:11:01,735 - qa_analytics - INFO - Loaded scheduler configuration from configs/scheduler.yaml
2025-05-13 09:11:01,755 - qa_analytics - INFO - Loaded data source registry from configs/data_sources.yaml
2025-05-13 09:11:01,755 - qa_analytics - INFO - Found 4 data sources and 8 analytic mappings
2025-05-13 09:13:27,947 - qa_analytics - ERROR - Missing required config key: analytic_id
2025-05-13 09:13:27,949 - qa_analytics - INFO - Loaded config for QA-ID 1
2025-05-13 09:13:27,950 - qa_analytics - ERROR - Missing required config key: analytic_id
2025-05-13 09:13:27,951 - qa_analytics - ERROR - Missing required config key: analytic_id
2025-05-13 09:13:27,952 - qa_analytics - INFO - Loaded reference data config from configs/reference_data.yaml
2025-05-13 09:13:27,959 - qa_analytics - INFO - Loaded data source registry from configs/data_sources.yaml
2025-05-13 09:13:27,960 - qa_analytics - INFO - Found 4 data sources and 8 analytic mappings
2025-05-13 09:13:27,963 - qa_analytics - INFO - Loaded template 'approval_workflow' from approval_workflow_template.yaml
2025-05-13 09:13:27,966 - qa_analytics - INFO - Loaded template 'risk_assessment' from risk_assessment_template.yaml
2025-05-13 09:13:27,971 - qa_analytics - INFO - Loaded template metadata
2025-05-13 09:13:27,971 - qa_analytics - INFO - Loaded scheduler configuration from configs/scheduler.yaml
2025-05-13 09:13:27,990 - qa_analytics - INFO - Loaded data source registry from configs/data_sources.yaml
2025-05-13 09:13:27,990 - qa_analytics - INFO - Found 4 data sources and 8 analytic mappings
2025-05-13 09:17:52,746 - qa_analytics - ERROR - Missing required config key: analytic_id
2025-05-13 09:17:52,748 - qa_analytics - INFO - Loaded config for QA-ID 1
2025-05-13 09:17:52,749 - qa_analytics - ERROR - Missing required config key: analytic_id
2025-05-13 09:17:52,750 - qa_analytics - ERROR - Missing required config key: analytic_id
2025-05-13 09:17:52,751 - qa_analytics - INFO - Loaded reference data config from configs/reference_data.yaml
2025-05-13 09:17:52,759 - qa_analytics - INFO - Loaded data source registry from configs/data_sources.yaml
2025-05-13 09:17:52,759 - qa_analytics - INFO - Found 4 data sources and 8 analytic mappings
2025-05-13 09:17:52,762 - qa_analytics - INFO - Loaded template 'approval_workflow' from approval_workflow_template.yaml
2025-05-13 09:17:52,765 - qa_analytics - INFO - Loaded template 'risk_assessment' from risk_assessment_template.yaml
2025-05-13 09:17:52,770 - qa_analytics - INFO - Loaded template metadata
2025-05-13 09:17:52,771 - qa_analytics - INFO - Loaded scheduler configuration from configs/scheduler.yaml
2025-05-13 09:17:52,790 - qa_analytics - INFO - Loaded data source registry from configs/data_sources.yaml
2025-05-13 09:17:52,790 - qa_analytics - INFO - Found 4 data sources and 8 analytic mappings
2025-05-13 09:18:32,518 - qa_analytics - ERROR - Error applying template: 'list' object has no attribute 'startswith'
2025-05-13 09:18:42,265 - qa_analytics - ERROR - Error applying template: 'list' object has no attribute 'startswith'
2025-05-13 09:18:53,331 - qa_analytics - ERROR - Error applying template: 'list' object has no attribute 'startswith'
2025-05-13 09:18:59,422 - qa_analytics - ERROR - Error applying template: 'list' object has no attribute 'startswith'
2025-05-13 09:19:01,112 - qa_analytics - ERROR - Error applying template: 'list' object has no attribute 'startswith'
2025-05-13 09:20:18,837 - qa_analytics - ERROR - Missing required config key: analytic_id
2025-05-13 09:20:18,839 - qa_analytics - INFO - Loaded config for QA-ID 1
2025-05-13 09:20:18,841 - qa_analytics - ERROR - Missing required config key: analytic_id
2025-05-13 09:20:18,841 - qa_analytics - ERROR - Missing required config key: analytic_id
2025-05-13 09:20:18,843 - qa_analytics - INFO - Loaded reference data config from configs/reference_data.yaml
2025-05-13 09:20:18,850 - qa_analytics - INFO - Loaded data source registry from configs/data_sources.yaml
2025-05-13 09:20:18,850 - qa_analytics - INFO - Found 4 data sources and 8 analytic mappings
2025-05-13 09:20:18,853 - qa_analytics - INFO - Loaded template 'approval_workflow' from approval_workflow_template.yaml
2025-05-13 09:20:18,856 - qa_analytics - INFO - Loaded template 'risk_assessment' from risk_assessment_template.yaml
2025-05-13 09:20:18,861 - qa_analytics - INFO - Loaded template metadata
2025-05-13 09:20:18,862 - qa_analytics - INFO - Loaded scheduler configuration from configs/scheduler.yaml
2025-05-13 09:20:18,881 - qa_analytics - INFO - Loaded data source registry from configs/data_sources.yaml
2025-05-13 09:20:18,881 - qa_analytics - INFO - Found 4 data sources and 8 analytic mappings
2025-05-13 10:59:22,849 - qa_analytics - INFO - Created directory: test_data
2025-05-13 10:59:22,850 - qa_analytics - INFO - Starting Enhanced QA Analytics in GUI mode
2025-05-13 10:59:22,907 - qa_analytics - ERROR - Missing required config key: analytic_id
2025-05-13 10:59:22,910 - qa_analytics - INFO - Loaded config for QA-ID 1
2025-05-13 10:59:22,911 - qa_analytics - ERROR - Missing required config key: analytic_id
2025-05-13 10:59:22,912 - qa_analytics - ERROR - Missing required config key: analytic_id
2025-05-13 10:59:22,913 - qa_analytics - INFO - Loaded reference data config from configs/reference_data.yaml
2025-05-13 10:59:22,920 - qa_analytics - INFO - Loaded data source registry from configs/data_sources.yaml
2025-05-13 10:59:22,920 - qa_analytics - INFO - Found 4 data sources and 8 analytic mappings
2025-05-13 10:59:22,924 - qa_analytics - INFO - Loaded template 'approval_workflow' from approval_workflow_template.yaml
2025-05-13 10:59:22,927 - qa_analytics - INFO - Loaded template 'risk_assessment' from risk_assessment_template.yaml
2025-05-13 10:59:22,932 - qa_analytics - INFO - Loaded template metadata
2025-05-13 10:59:22,933 - qa_analytics - INFO - Loaded scheduler configuration from configs/scheduler.yaml
2025-05-13 10:59:22,952 - qa_analytics - INFO - Loaded data source registry from configs/data_sources.yaml
2025-05-13 10:59:22,952 - qa_analytics - INFO - Found 4 data sources and 8 analytic mappings
2025-05-13 11:00:03,268 - qa_analytics - ERROR - Error applying template: 'int' object has no attribute 'isdigit'
2025-05-13 11:00:25,706 - qa_analytics - ERROR - Error applying template: 'int' object has no attribute 'isdigit'
2025-05-13 11:04:49,912 - qa_analytics - INFO - Starting Enhanced QA Analytics in GUI mode
2025-05-13 11:04:49,957 - qa_analytics - ERROR - Missing required config key: analytic_id
2025-05-13 11:04:49,959 - qa_analytics - INFO - Loaded config for QA-ID 1
2025-05-13 11:04:49,960 - qa_analytics - ERROR - Missing required config key: analytic_id
2025-05-13 11:04:49,961 - qa_analytics - ERROR - Missing required config key: analytic_id
2025-05-13 11:04:49,962 - qa_analytics - INFO - Loaded reference data config from configs/reference_data.yaml
2025-05-13 11:04:49,970 - qa_analytics - INFO - Loaded data source registry from configs/data_sources.yaml
2025-05-13 11:04:49,970 - qa_analytics - INFO - Found 4 data sources and 8 analytic mappings
2025-05-13 11:04:49,973 - qa_analytics - INFO - Loaded template 'approval_workflow' from approval_workflow_template.yaml
2025-05-13 11:04:49,976 - qa_analytics - INFO - Loaded template 'risk_assessment' from risk_assessment_template.yaml
2025-05-13 11:04:49,981 - qa_analytics - INFO - Loaded template metadata
2025-05-13 11:04:49,982 - qa_analytics - INFO - Loaded scheduler configuration from configs/scheduler.yaml
2025-05-13 11:04:50,001 - qa_analytics - INFO - Loaded data source registry from configs/data_sources.yaml
2025-05-13 11:04:50,001 - qa_analytics - INFO - Found 4 data sources and 8 analytic mappings
2025-05-13 11:05:23,608 - qa_analytics - INFO - Saved configuration to configs\qa_100.yaml
2025-05-13 11:05:24,643 - qa_analytics - ERROR - Missing required config key: analytic_id
2025-05-13 11:05:24,645 - qa_analytics - INFO - Loaded config for QA-ID 1
2025-05-13 11:05:24,653 - qa_analytics - ERROR - Data source config missing required_fields
2025-05-13 11:05:24,654 - qa_analytics - ERROR - Missing required config key: analytic_id
2025-05-13 11:05:24,655 - qa_analytics - ERROR - Missing required config key: analytic_id
2025-05-13 11:05:45,092 - qa_analytics - INFO - Starting Enhanced QA Analytics in GUI mode
2025-05-13 11:05:45,136 - qa_analytics - ERROR - Missing required config key: analytic_id
2025-05-13 11:05:45,139 - qa_analytics - INFO - Loaded config for QA-ID 1
2025-05-13 11:05:45,140 - qa_analytics - ERROR - Data source config missing required_fields
2025-05-13 11:05:45,141 - qa_analytics - ERROR - Missing required config key: analytic_id
2025-05-13 11:05:45,142 - qa_analytics - ERROR - Missing required config key: analytic_id
2025-05-13 11:05:45,143 - qa_analytics - INFO - Loaded reference data config from configs/reference_data.yaml
2025-05-13 11:05:45,150 - qa_analytics - INFO - Loaded data source registry from configs/data_sources.yaml
2025-05-13 11:05:45,150 - qa_analytics - INFO - Found 4 data sources and 8 analytic mappings
2025-05-13 11:05:45,154 - qa_analytics - INFO - Loaded template 'approval_workflow' from approval_workflow_template.yaml
2025-05-13 11:05:45,157 - qa_analytics - INFO - Loaded template 'risk_assessment' from risk_assessment_template.yaml
2025-05-13 11:05:45,162 - qa_analytics - INFO - Loaded template metadata
2025-05-13 11:05:45,163 - qa_analytics - INFO - Loaded scheduler configuration from configs/scheduler.yaml
2025-05-13 11:05:45,182 - qa_analytics - INFO - Loaded data source registry from configs/data_sources.yaml
2025-05-13 11:05:45,182 - qa_analytics - INFO - Found 4 data sources and 8 analytic mappings
2025-05-13 11:12:18,971 - qa_analytics - INFO - Starting Enhanced QA Analytics in GUI mode
2025-05-13 11:12:19,020 - qa_analytics - ERROR - Error loading config data_sources.yaml: mapping values are not allowed here
  in "configs\data_sources.yaml", line 243, column 18
2025-05-13 11:12:19,022 - qa_analytics - INFO - Loaded config for QA-ID 1
2025-05-13 11:12:19,023 - qa_analytics - INFO - Loaded config for QA-ID 100
2025-05-13 11:12:19,025 - qa_analytics - ERROR - Missing required config key: analytic_id
2025-05-13 11:12:19,025 - qa_analytics - ERROR - Missing required config key: analytic_id
2025-05-13 11:12:19,027 - qa_analytics - INFO - Loaded reference data config from configs/reference_data.yaml
2025-05-13 11:12:19,035 - qa_analytics - ERROR - Error loading data source registry: mapping values are not allowed here
  in "configs/data_sources.yaml", line 243, column 18
2025-05-13 11:12:19,038 - qa_analytics - INFO - Loaded template 'approval_workflow' from approval_workflow_template.yaml
2025-05-13 11:12:19,041 - qa_analytics - INFO - Loaded template 'risk_assessment' from risk_assessment_template.yaml
2025-05-13 11:12:19,047 - qa_analytics - INFO - Loaded template metadata
2025-05-13 11:12:19,047 - qa_analytics - INFO - Loaded scheduler configuration from configs/scheduler.yaml
2025-05-13 11:12:19,067 - qa_analytics - ERROR - Error loading data source registry: mapping values are not allowed here
  in "configs/data_sources.yaml", line 243, column 18
2025-05-13 11:13:04,892 - qa_analytics - INFO - Starting Enhanced QA Analytics in GUI mode
2025-05-13 11:13:04,940 - qa_analytics - ERROR - Error loading config data_sources.yaml: mapping values are not allowed here
  in "configs\data_sources.yaml", line 243, column 18
2025-05-13 11:13:04,942 - qa_analytics - INFO - Loaded config for QA-ID 1
2025-05-13 11:13:04,943 - qa_analytics - INFO - Loaded config for QA-ID 100
2025-05-13 11:13:04,944 - qa_analytics - ERROR - Missing required config key: analytic_id
2025-05-13 11:13:04,945 - qa_analytics - ERROR - Missing required config key: analytic_id
2025-05-13 11:13:04,946 - qa_analytics - INFO - Loaded reference data config from configs/reference_data.yaml
2025-05-13 11:13:04,954 - qa_analytics - ERROR - Error loading data source registry: mapping values are not allowed here
  in "configs/data_sources.yaml", line 243, column 18
2025-05-13 11:13:04,958 - qa_analytics - INFO - Loaded template 'approval_workflow' from approval_workflow_template.yaml
2025-05-13 11:13:04,961 - qa_analytics - INFO - Loaded template 'risk_assessment' from risk_assessment_template.yaml
2025-05-13 11:13:04,966 - qa_analytics - INFO - Loaded template metadata
2025-05-13 11:13:04,967 - qa_analytics - INFO - Loaded scheduler configuration from configs/scheduler.yaml
2025-05-13 11:13:04,986 - qa_analytics - ERROR - Error loading data source registry: mapping values are not allowed here
  in "configs/data_sources.yaml", line 243, column 18
2025-05-13 11:18:10,504 - qa_analytics - INFO - Starting Enhanced QA Analytics in GUI mode
2025-05-13 11:18:10,550 - qa_analytics - ERROR - Error loading config data_sources.yaml: mapping values are not allowed here
  in "configs\data_sources.yaml", line 243, column 18
2025-05-13 11:18:10,552 - qa_analytics - INFO - Loaded config for QA-ID 1
2025-05-13 11:18:10,553 - qa_analytics - INFO - Loaded config for QA-ID 100
2025-05-13 11:18:10,555 - qa_analytics - ERROR - Missing required config key: analytic_id
2025-05-13 11:18:10,555 - qa_analytics - ERROR - Missing required config key: analytic_id
2025-05-13 11:18:10,557 - qa_analytics - INFO - Loaded reference data config from configs/reference_data.yaml
2025-05-13 11:18:10,566 - qa_analytics - ERROR - Error loading data source registry: mapping values are not allowed here
  in "configs/data_sources.yaml", line 243, column 18
2025-05-13 11:18:10,569 - qa_analytics - INFO - Loaded template 'approval_workflow' from approval_workflow_template.yaml
2025-05-13 11:18:10,572 - qa_analytics - INFO - Loaded template 'risk_assessment' from risk_assessment_template.yaml
2025-05-13 11:18:10,577 - qa_analytics - INFO - Loaded template metadata
2025-05-13 11:18:10,578 - qa_analytics - INFO - Loaded scheduler configuration from configs/scheduler.yaml
2025-05-13 11:18:10,599 - qa_analytics - ERROR - Error loading data source registry: mapping values are not allowed here
  in "configs/data_sources.yaml", line 243, column 18
2025-05-13 11:19:53,356 - qa_analytics - INFO - Starting Enhanced QA Analytics in GUI mode
2025-05-13 11:19:53,403 - qa_analytics - ERROR - Missing required config key: analytic_id
2025-05-13 11:19:53,405 - qa_analytics - INFO - Loaded config for QA-ID 1
2025-05-13 11:19:53,406 - qa_analytics - INFO - Loaded config for QA-ID 100
2025-05-13 11:19:53,408 - qa_analytics - ERROR - Missing required config key: analytic_id
2025-05-13 11:19:53,408 - qa_analytics - ERROR - Missing required config key: analytic_id
2025-05-13 11:19:53,410 - qa_analytics - INFO - Loaded reference data config from configs/reference_data.yaml
2025-05-13 11:19:53,418 - qa_analytics - INFO - Loaded data source registry from configs/data_sources.yaml
2025-05-13 11:19:53,419 - qa_analytics - INFO - Found 5 data sources and 9 analytic mappings
2025-05-13 11:19:53,422 - qa_analytics - INFO - Loaded template 'approval_workflow' from approval_workflow_template.yaml
2025-05-13 11:19:53,425 - qa_analytics - INFO - Loaded template 'risk_assessment' from risk_assessment_template.yaml
2025-05-13 11:19:53,431 - qa_analytics - INFO - Loaded template metadata
2025-05-13 11:19:53,431 - qa_analytics - INFO - Loaded scheduler configuration from configs/scheduler.yaml
2025-05-13 11:19:53,452 - qa_analytics - INFO - Loaded data source registry from configs/data_sources.yaml
2025-05-13 11:19:53,452 - qa_analytics - INFO - Found 5 data sources and 9 analytic mappings
2025-05-13 11:20:33,502 - qa_analytics - INFO - Saved configuration to configs\qa_101.yaml
2025-05-13 11:20:34,762 - qa_analytics - ERROR - Missing required config key: analytic_id
2025-05-13 11:20:34,764 - qa_analytics - INFO - Loaded config for QA-ID 1
2025-05-13 11:20:34,766 - qa_analytics - INFO - Loaded config for QA-ID 100
2025-05-13 11:20:34,772 - qa_analytics - ERROR - Data source config missing required_fields
2025-05-13 11:20:34,773 - qa_analytics - ERROR - Missing required config key: analytic_id
2025-05-13 11:20:34,774 - qa_analytics - ERROR - Missing required config key: analytic_id
2025-05-13 11:23:12,374 - qa_analytics - INFO - Starting Enhanced QA Analytics in GUI mode
2025-05-13 11:23:12,421 - qa_analytics - ERROR - Missing required config key: analytic_id
2025-05-13 11:23:12,423 - qa_analytics - INFO - Loaded config for QA-ID 1
2025-05-13 11:23:12,423 - qa_analytics - INFO - Loaded config for QA-ID 100
2025-05-13 11:23:12,425 - qa_analytics - ERROR - Data source config missing required_fields
2025-05-13 11:23:12,426 - qa_analytics - ERROR - Missing required config key: analytic_id
2025-05-13 11:23:12,426 - qa_analytics - ERROR - Missing required config key: analytic_id
2025-05-13 11:23:12,428 - qa_analytics - INFO - Loaded reference data config from configs/reference_data.yaml
2025-05-13 11:23:12,438 - qa_analytics - INFO - Loaded data source registry from configs/data_sources.yaml
2025-05-13 11:23:12,438 - qa_analytics - INFO - Found 5 data sources and 9 analytic mappings
2025-05-13 11:23:12,442 - qa_analytics - INFO - Loaded template 'approval_workflow' from approval_workflow_template.yaml
2025-05-13 11:23:12,445 - qa_analytics - INFO - Loaded template 'risk_assessment' from risk_assessment_template.yaml
2025-05-13 11:23:12,451 - qa_analytics - INFO - Loaded template metadata
2025-05-13 11:23:12,451 - qa_analytics - INFO - Loaded scheduler configuration from configs/scheduler.yaml
2025-05-13 11:23:12,472 - qa_analytics - INFO - Loaded data source registry from configs/data_sources.yaml
2025-05-13 11:23:12,472 - qa_analytics - INFO - Found 5 data sources and 9 analytic mappings
2025-05-13 11:23:42,116 - qa_analytics - INFO - Saved configuration to configs\qa_102.yaml
2025-05-13 11:23:43,425 - qa_analytics - ERROR - Missing required config key: analytic_id
2025-05-13 11:23:43,427 - qa_analytics - INFO - Loaded config for QA-ID 1
2025-05-13 11:23:43,428 - qa_analytics - INFO - Loaded config for QA-ID 100
2025-05-13 11:23:43,429 - qa_analytics - ERROR - Data source config missing required_fields
2025-05-13 11:23:43,436 - qa_analytics - ERROR - Data source config missing required_fields
2025-05-13 11:23:43,437 - qa_analytics - ERROR - Missing required config key: analytic_id
2025-05-13 11:23:43,438 - qa_analytics - ERROR - Missing required config key: analytic_id
2025-05-13 11:30:17,884 - qa_analytics - INFO - Starting Enhanced QA Analytics in GUI mode
2025-05-13 11:30:17,932 - qa_analytics - ERROR - Missing required config key: analytic_id
2025-05-13 11:30:17,934 - qa_analytics - INFO - Loaded config for QA-ID 1
2025-05-13 11:30:17,935 - qa_analytics - INFO - Loaded config for QA-ID 100
2025-05-13 11:30:17,937 - qa_analytics - ERROR - Data source config missing required_fields
2025-05-13 11:30:17,938 - qa_analytics - ERROR - Data source config missing required_fields
2025-05-13 11:30:17,939 - qa_analytics - ERROR - Missing required config key: analytic_id
2025-05-13 11:30:17,939 - qa_analytics - ERROR - Missing required config key: analytic_id
2025-05-13 11:30:17,941 - qa_analytics - INFO - Loaded reference data config from configs/reference_data.yaml
2025-05-13 11:30:17,951 - qa_analytics - INFO - Loaded data source registry from configs/data_sources.yaml
2025-05-13 11:30:17,951 - qa_analytics - INFO - Found 5 data sources and 9 analytic mappings
2025-05-13 11:30:17,954 - qa_analytics - INFO - Loaded template 'approval_workflow' from approval_workflow_template.yaml
2025-05-13 11:30:17,957 - qa_analytics - INFO - Loaded template 'risk_assessment' from risk_assessment_template.yaml
2025-05-13 11:30:17,963 - qa_analytics - INFO - Loaded template metadata
2025-05-13 11:30:17,963 - qa_analytics - INFO - Loaded scheduler configuration from configs/scheduler.yaml
2025-05-13 11:30:17,987 - qa_analytics - INFO - Loaded data source registry from configs/data_sources.yaml
2025-05-13 11:30:17,987 - qa_analytics - INFO - Found 5 data sources and 9 analytic mappings
2025-05-13 11:30:55,415 - qa_analytics - INFO - Successfully generated configuration for template risk_assessment
2025-05-13 11:30:57,190 - qa_analytics - INFO - Saved configuration to configs\qa_103.yaml
2025-05-13 11:30:58,539 - qa_analytics - ERROR - Missing required config key: analytic_id
2025-05-13 11:30:58,541 - qa_analytics - INFO - Loaded config for QA-ID 1
2025-05-13 11:30:58,542 - qa_analytics - INFO - Loaded config for QA-ID 100
2025-05-13 11:30:58,544 - qa_analytics - ERROR - Data source config missing required_fields
2025-05-13 11:30:58,545 - qa_analytics - ERROR - Data source config missing required_fields
2025-05-13 11:30:58,551 - qa_analytics - INFO - Loaded config for QA-ID 103
2025-05-13 11:30:58,553 - qa_analytics - ERROR - Missing required config key: analytic_id
2025-05-13 11:30:58,553 - qa_analytics - ERROR - Missing required config key: analytic_id
